<?xml version="1.0" encoding="UTF-8"?>
<!--
  ~ * SystemConfigurationServiceDao:: test-persistence.xml 05/11/13 15:09 karalch $
  ~  * . * .
  ~  * * RRRR * Copyright Â© 2013 OHIM: Office for Harmonization
  ~  * . RR R . in the Internal Market (trade marks and designs)
  ~  * * RRR *
  ~  * . RR RR . ALL RIGHTS RESERVED
  ~  * * . _ . *
  -->

<persistence version="2.0" xmlns="http://java.sun.com/xml/ns/persistence"
    xmlns:xsi="http://www.w3.org/2001/XMLSchema-instance"
    xsi:schemaLocation="
        http://java.sun.com/xml/ns/persistence
        http://java.sun.com/xml/ns/persistence/persistence_2_0.xsd">
    <persistence-unit name="ConfigurationDomain">
        <!-- Use this jta-data-source if you're testing on JBoss AS 7.1 (setup by jbossas-ds.xml) -->
        <jta-data-source>jdbc/arquillian</jta-data-source>
        <mapping-file>META-INF/orm.xml</mapping-file>

        <!-- Use this jta-data-source if you're testing on JBoss AS 7.0 -->
        <!-- Optionally, you can setup a DataSource with this name in your JBoss AS 7.0 installation -->
        <!-- 
        <jta-data-source>java:jboss/datasources/ExampleDS</jta-data-source>
        -->
        <properties>
            <property name="hibernate.hbm2ddl.auto" value="create-drop"/>
            <property name="hibernate.show_sql" value="true"/>
            <!--property name="javax.persistence.sql-load-script-source" value="file:///META-INF/application-params-loading.sql"/ -->
        </properties>

    </persistence-unit>
</persistence>